<?xml version="1.0" encoding="UTF-8"?>
<!-- Generated by org.testng.reporters.JUnitXMLReporter -->
<testsuite ignored="2" hostname="AKHILA" failures="0" tests="1" name="Default test" time="253.231" errors="0" timestamp="2026-02-18T12:16:41 IST">
  <testcase classname="com.comcast.crm.orgtest.testng.CreateOrganizationTest" name="createOrganizationTest" time="40.903"/>
  <testcase classname="com.comcast.crm.orgtest.testng.CreateOrganizationTest" name="createOrgWithContact" time="0.0">
    <ignored/>
  </testcase> <!-- createOrgWithContact -->
  <testcase classname="com.comcast.crm.orgtest.testng.CreateOrganizationTest" name="createOrgWithIndustry" time="0.0">
    <ignored/>
  </testcase> <!-- createOrgWithIndustry -->
</testsuite> <!-- Default test -->
