<?xml version="1.0" encoding="UTF-8"?>
<testng-results ignored="0" total="1" passed="1" failed="0" skipped="0">
  <reporter-output>
  </reporter-output>
  <suite started-at="2026-01-17T13:25:02 IST" name="Default suite" finished-at="2026-01-17T13:25:11 IST" duration-ms="9284">
    <groups>
    </groups>
    <test started-at="2026-01-17T13:25:02 IST" name="Default test" finished-at="2026-01-17T13:25:11 IST" duration-ms="9284">
      <class name="poi_Basics.DWS_LoginTest_PropertyFile">
        <test-method signature="TC1()[pri:0, instance:poi_Basics.DWS_LoginTest_PropertyFile@515aebb0]" started-at="2026-01-17T13:25:02 IST" name="TC1" finished-at="2026-01-17T13:25:11 IST" duration-ms="9247" status="PASS">
          <reporter-output>
          </reporter-output>
        </test-method> <!-- TC1 -->
      </class> <!-- poi_Basics.DWS_LoginTest_PropertyFile -->
    </test> <!-- Default test -->
  </suite> <!-- Default suite -->
</testng-results>
