<?xml version="1.0" encoding="UTF-8"?>
<!-- Generated by org.testng.reporters.JUnitXMLReporter -->
<testsuite ignored="0" hostname="AKHILA" failures="1" tests="2" name="Test" time="143.224" errors="0" timestamp="2026-02-16T17:22:39 IST">
  <testcase classname="practice.test.InvoiceTest" name="createInvoiceTest" time="0.047">
    <failure type="java.lang.AssertionError" message="expected [LoginIN] but found [Admin123@ Administrator1 - Home - vtiger CRM 5 - Commercial Open Source CRM]">
      <![CDATA[java.lang.AssertionError: expected [LoginIN] but found [Admin123@ Administrator1 - Home - vtiger CRM 5 - Commercial Open Source CRM]
at practice.test.InvoiceTest.createInvoiceTest(InvoiceTest.java:17)
at java.base/java.util.ArrayList.forEach(ArrayList.java:1511)
... Removed 33 stack frames]]>
    </failure>
  </testcase> <!-- createInvoiceTest -->
  <testcase classname="practice.test.InvoiceTest" name="createInvoiceWithContact" time="0.003"/>
</testsuite> <!-- Test -->
