<?xml version="1.0" encoding="UTF-8"?>
<!-- Generated by org.testng.reporters.JUnitXMLReporter -->
<testsuite ignored="4" hostname="AKHILA" failures="0" tests="5" name="Test1" time="53.405" errors="0" timestamp="2026-02-16T11:29:15 IST">
  <testcase classname="com.comcast.crm.contacttest.TestNg.CreateContactTest" name="createContactTest" time="0.0">
    <skipped/>
  </testcase> <!-- createContactTest -->
  <testcase classname="com.comcast.crm.contacttest.TestNg.CreateContactTest" name="createContactWithSupportDate" time="0.0">
    <skipped/>
  </testcase> <!-- createContactWithSupportDate -->
  <testcase classname="com.comcast.crm.orgtest.testng.CreateOrganizationTest" name="createOrgWithContact" time="0.003">
    <skipped/>
  </testcase> <!-- createOrgWithContact -->
  <testcase classname="com.comcast.crm.orgtest.testng.CreateOrganizationTest" name="createOrgWithIndustry" time="0.0">
    <skipped/>
  </testcase> <!-- createOrgWithIndustry -->
  <testcase classname="com.comcast.crm.orgtest.testng.CreateOrganizationTest" name="createOrganizationTest" time="0.0">
    <skipped/>
  </testcase> <!-- createOrganizationTest -->
  <testcase classname="com.crm.comcast.basetest.BaseClass" name="@AfterTest configAT" time="0.0">
    <ignored/>
  </testcase> <!-- @AfterTest configAT -->
  <testcase classname="com.crm.comcast.basetest.BaseClass" name="@AfterSuite confgiAS" time="0.0">
    <ignored/>
  </testcase> <!-- @AfterSuite confgiAS -->
  <testcase classname="com.crm.comcast.basetest.BaseClass" name="@BeforeSuite confgiBS" time="0.0">
    <ignored/>
  </testcase> <!-- @BeforeSuite confgiBS -->
  <testcase classname="com.crm.comcast.basetest.BaseClass" name="@BeforeTest configBT" time="0.0">
    <ignored/>
  </testcase> <!-- @BeforeTest configBT -->
</testsuite> <!-- Test1 -->
