<?xml version="1.0" encoding="UTF-8"?>
<!-- Generated by org.testng.reporters.JUnitReportReporter -->
<testsuite hostname="AKHILA" failures="0" tests="1" name="com.comcast.crm.orgtest.testng.CreateOrganizationWithContactTest" time="77.826" errors="0" timestamp="2026-02-15T11:18:28 IST" skipped="0">
  <testcase classname="com.comcast.crm.orgtest.testng.CreateOrganizationWithContactTest" name="createOrgWithContact" time="77.826"/>
</testsuite> <!-- com.comcast.crm.orgtest.testng.CreateOrganizationWithContactTest -->
