<?xml version="1.0" encoding="UTF-8"?>
<!-- Generated by org.testng.reporters.JUnitReportReporter -->
<testsuite hostname="AKHILA" failures="0" tests="1" name="com.comcast.crm.contacttest.TestNg.CreateContactWithDateTest" time="76.094" errors="0" timestamp="2026-02-14T13:02:23 IST" skipped="0">
  <testcase classname="com.comcast.crm.contacttest.TestNg.CreateContactWithDateTest" name="createContactWithDate" time="76.094"/>
</testsuite> <!-- com.comcast.crm.contacttest.TestNg.CreateContactWithDateTest -->
