<?xml version="1.0" encoding="UTF-8"?>
<!-- Generated by org.testng.reporters.JUnitReportReporter -->
<testsuite hostname="AKHILA" failures="0" tests="1" name="com.comcast.crm.orgtest.testng.CreateOrganizationWithIndustryTest" time="75.242" errors="0" timestamp="2026-02-15T11:40:23 IST" skipped="0">
  <testcase classname="com.comcast.crm.orgtest.testng.CreateOrganizationWithIndustryTest" name="createOrgWithIndustry" time="75.242"/>
</testsuite> <!-- com.comcast.crm.orgtest.testng.CreateOrganizationWithIndustryTest -->
