<?xml version="1.0" encoding="UTF-8"?>
<testng-results ignored="2" total="3" passed="1" failed="0" skipped="0">
  <reporter-output>
  </reporter-output>
  <suite started-at="2026-02-18T12:03:28 IST" name="Default suite" finished-at="2026-02-18T12:09:34 IST" duration-ms="365877">
    <groups>
      <group name="smokeTest">
        <method signature="CreateOrganizationTest.createOrganizationTest()[pri:0, instance:com.comcast.crm.orgtest.testng.CreateOrganizationTest@5bda8e08]" name="createOrganizationTest" class="com.comcast.crm.orgtest.testng.CreateOrganizationTest"/>
      </group> <!-- smokeTest -->
    </groups>
    <test started-at="2026-02-18T12:03:28 IST" name="Default test" finished-at="2026-02-18T12:09:34 IST" duration-ms="365877">
      <class name="com.comcast.crm.orgtest.testng.CreateOrganizationTest">
        <test-method is-config="true" signature="confgiBS()[pri:0, instance:com.comcast.crm.orgtest.testng.CreateOrganizationTest@5bda8e08]" started-at="2026-02-18T11:34:54 IST" name="confgiBS" finished-at="2026-02-18T12:03:28 IST" duration-ms="1713617" status="PASS">
          <reporter-output>
          </reporter-output>
        </test-method> <!-- confgiBS -->
        <test-method is-config="true" signature="configBT()[pri:0, instance:com.comcast.crm.orgtest.testng.CreateOrganizationTest@5bda8e08]" started-at="2026-02-18T12:03:28 IST" name="configBT" finished-at="2026-02-18T12:03:38 IST" duration-ms="10150" status="PASS">
          <reporter-output>
          </reporter-output>
        </test-method> <!-- configBT -->
        <test-method is-config="true" signature="confgiBC()[pri:0, instance:com.comcast.crm.orgtest.testng.CreateOrganizationTest@5bda8e08]" started-at="2026-02-18T12:03:38 IST" name="confgiBC" finished-at="2026-02-18T12:05:14 IST" duration-ms="95927" status="PASS">
          <reporter-output>
          </reporter-output>
        </test-method> <!-- confgiBC -->
        <test-method is-config="true" signature="congiBM()[pri:0, instance:com.comcast.crm.orgtest.testng.CreateOrganizationTest@5bda8e08]" started-at="2026-02-18T12:05:14 IST" name="congiBM" finished-at="2026-02-18T12:07:01 IST" duration-ms="106851" status="PASS">
          <reporter-output>
          </reporter-output>
        </test-method> <!-- congiBM -->
        <test-method signature="createOrganizationTest()[pri:0, instance:com.comcast.crm.orgtest.testng.CreateOrganizationTest@5bda8e08]" started-at="2026-02-18T12:07:01 IST" name="createOrganizationTest" finished-at="2026-02-18T12:07:57 IST" duration-ms="55557" status="PASS">
          <reporter-output>
          </reporter-output>
        </test-method> <!-- createOrganizationTest -->
        <test-method is-config="true" signature="congiAM()[pri:0, instance:com.comcast.crm.orgtest.testng.CreateOrganizationTest@5bda8e08]" started-at="2026-02-18T12:07:57 IST" name="congiAM" finished-at="2026-02-18T12:09:08 IST" duration-ms="71072" status="PASS">
          <reporter-output>
          </reporter-output>
        </test-method> <!-- congiAM -->
        <test-method is-config="true" signature="confgiAC()[pri:0, instance:com.comcast.crm.orgtest.testng.CreateOrganizationTest@5bda8e08]" started-at="2026-02-18T12:09:08 IST" name="confgiAC" finished-at="2026-02-18T12:09:24 IST" duration-ms="16006" status="PASS">
          <reporter-output>
          </reporter-output>
        </test-method> <!-- confgiAC -->
        <test-method is-config="true" signature="configAT()[pri:0, instance:com.comcast.crm.orgtest.testng.CreateOrganizationTest@5bda8e08]" started-at="2026-02-18T12:09:24 IST" name="configAT" finished-at="2026-02-18T12:09:34 IST" duration-ms="10091" status="PASS">
          <reporter-output>
          </reporter-output>
        </test-method> <!-- configAT -->
        <test-method is-config="true" signature="confgiAS()[pri:0, instance:com.comcast.crm.orgtest.testng.CreateOrganizationTest@5bda8e08]" started-at="2026-02-18T12:09:34 IST" name="confgiAS" finished-at="2026-02-18T12:09:46 IST" duration-ms="11503" status="PASS">
          <reporter-output>
          </reporter-output>
        </test-method> <!-- confgiAS -->
      </class> <!-- com.comcast.crm.orgtest.testng.CreateOrganizationTest -->
    </test> <!-- Default test -->
  </suite> <!-- Default suite -->
</testng-results>
